2025-06-15 14:19:17 INFO  Utils:112 - [TestNG] Running:
  D:\Java\Opencart\Grouping.xml

2025-06-15 14:19:26 INFO  TC001_AccountRegistrationTest:16 - *** Starting TC001_AccountRegistrationTest ***
2025-06-15 14:19:26 INFO  TC001_AccountRegistrationTest:22 - Clicked on MyAccount Link...
2025-06-15 14:19:28 INFO  TC001_AccountRegistrationTest:26 - Clicked on Register Link...
2025-06-15 14:19:28 INFO  TC001_AccountRegistrationTest:30 - Providing customer details...
2025-06-15 14:19:30 INFO  TC001_AccountRegistrationTest:44 - Validating expected message ...
2025-06-15 14:19:30 INFO  TC001_AccountRegistrationTest:65 - *** Finished TC001_AccountRegistrationTest ***
2025-06-15 14:19:37 INFO  TC002_LoginTest:16 - *** Starting TC002_LoginTest ***
2025-06-15 14:19:40 INFO  TC002_LoginTest:41 - *** Finished TC002_LoginTest ***
2025-06-15 14:19:46 INFO  TC004_SearchProductTest:17 - Starting TC004_SearchProductTest
2025-06-15 14:19:48 INFO  TC004_SearchProductTest:33 - Finished TC004_SearchProductTest
2025-06-15 14:19:54 INFO  TC005_AddToCartPageTest:15 - Starting TC005_AddToCartPageTest
2025-06-15 14:25:53 INFO  Utils:112 - [TestNG] Running:
  D:\Java\Opencart\Grouping.xml

2025-06-15 14:26:00 INFO  TC001_AccountRegistrationTest:16 - *** Starting TC001_AccountRegistrationTest ***
2025-06-15 14:26:00 INFO  TC001_AccountRegistrationTest:22 - Clicked on MyAccount Link...
2025-06-15 14:26:02 INFO  TC001_AccountRegistrationTest:26 - Clicked on Register Link...
2025-06-15 14:26:02 INFO  TC001_AccountRegistrationTest:30 - Providing customer details...
2025-06-15 14:26:04 INFO  TC001_AccountRegistrationTest:44 - Validating expected message ...
2025-06-15 14:26:04 INFO  TC001_AccountRegistrationTest:65 - *** Finished TC001_AccountRegistrationTest ***
2025-06-15 14:26:11 INFO  TC002_LoginTest:16 - *** Starting TC002_LoginTest ***
2025-06-15 14:26:14 INFO  TC002_LoginTest:41 - *** Finished TC002_LoginTest ***
2025-06-15 14:26:20 INFO  TC004_SearchProductTest:17 - Starting TC004_SearchProductTest
2025-06-15 14:26:21 INFO  TC004_SearchProductTest:33 - Finished TC004_SearchProductTest
2025-06-15 14:26:27 INFO  TC005_AddToCartPageTest:15 - Starting TC005_AddToCartPageTest
2025-06-15 14:26:31 INFO  TC005_AddToCartPageTest:45 - Finished TC005_AddToCartPageTest
